[2018-03-13 12:36:51] app.ERROR: Array to string conversion@E:\MyWeb\app\easyphp\easyphp\library\concise\Validator.php 90 {"Runtime":"0.054s"} []
[2018-03-13 12:36:51] app.ERROR: Array to string conversion@E:\MyWeb\app\easyphp\easyphp\library\concise\Validator.php 90 {"Runtime":"0.069s","Exception":"Whoops\\Exception\\ErrorException"} []
[2018-03-13 12:36:51] app.ERROR: Array to string conversion@E:\MyWeb\app\easyphp\easyphp\library\concise\Validator.php 90 {"Runtime":"0.051s"} []
[2018-03-13 12:36:51] app.ERROR: Array to string conversion@E:\MyWeb\app\easyphp\easyphp\library\concise\Validator.php 90 {"Runtime":"0.057s","Exception":"Whoops\\Exception\\ErrorException"} []
[2018-03-13 12:36:52] app.ERROR: Array to string conversion@E:\MyWeb\app\easyphp\easyphp\library\concise\Validator.php 90 {"Runtime":"0.023s"} []
[2018-03-13 12:36:52] app.ERROR: Array to string conversion@E:\MyWeb\app\easyphp\easyphp\library\concise\Validator.php 90 {"Runtime":"0.028s","Exception":"Whoops\\Exception\\ErrorException"} []
[2018-03-13 12:41:56] app.ERROR: Array to string conversion@E:\MyWeb\app\easyphp\easyphp\library\concise\Validator.php 90 {"Runtime":"0.041s"} []
[2018-03-13 12:41:56] app.ERROR: Array to string conversion@E:\MyWeb\app\easyphp\easyphp\library\concise\Validator.php 90 {"Runtime":"0.046s","Exception":"Whoops\\Exception\\ErrorException"} []
[2018-03-13 12:46:10] app.ERROR: syntax error, unexpected 'p' (T_STRING)@E:\MyWeb\app\easyphp\easyphp\library\concise\Validator.php 87 {"Runtime":"0.155s"} []
[2018-03-13 12:46:10] app.ERROR: syntax error, unexpected 'p' (T_STRING)@E:\MyWeb\app\easyphp\easyphp\library\concise\Validator.php 87 {"Runtime":"0.165s","Exception":"Whoops\\Exception\\ErrorException"} []
[2018-03-13 12:46:11] app.ERROR: syntax error, unexpected 'p' (T_STRING)@E:\MyWeb\app\easyphp\easyphp\library\concise\Validator.php 87 {"Runtime":"0.055s"} []
[2018-03-13 12:46:11] app.ERROR: syntax error, unexpected 'p' (T_STRING)@E:\MyWeb\app\easyphp\easyphp\library\concise\Validator.php 87 {"Runtime":"0.061s","Exception":"Whoops\\Exception\\ErrorException"} []
[2018-03-13 12:46:11] app.ERROR: syntax error, unexpected 'p' (T_STRING)@E:\MyWeb\app\easyphp\easyphp\library\concise\Validator.php 87 {"Runtime":"0.023s"} []
[2018-03-13 12:46:11] app.ERROR: syntax error, unexpected 'p' (T_STRING)@E:\MyWeb\app\easyphp\easyphp\library\concise\Validator.php 87 {"Runtime":"0.027s","Exception":"Whoops\\Exception\\ErrorException"} []
[2018-03-13 12:47:01] app.ERROR: sprintf(): Too few arguments@E:\MyWeb\app\easyphp\easyphp\library\concise\Validator.php 90 {"Runtime":"0.023s"} []
[2018-03-13 12:47:01] app.ERROR: sprintf(): Too few arguments@E:\MyWeb\app\easyphp\easyphp\library\concise\Validator.php 90 {"Runtime":"0.027s","Exception":"Whoops\\Exception\\ErrorException"} []
[2018-03-13 12:47:02] app.ERROR: sprintf(): Too few arguments@E:\MyWeb\app\easyphp\easyphp\library\concise\Validator.php 90 {"Runtime":"0.042s"} []
[2018-03-13 12:47:02] app.ERROR: sprintf(): Too few arguments@E:\MyWeb\app\easyphp\easyphp\library\concise\Validator.php 90 {"Runtime":"0.046s","Exception":"Whoops\\Exception\\ErrorException"} []
[2018-03-13 12:47:44] app.ERROR: sprintf(): Too few arguments@E:\MyWeb\app\easyphp\easyphp\library\concise\Validator.php 90 {"Runtime":"0.047s"} []
[2018-03-13 12:47:44] app.ERROR: sprintf(): Too few arguments@E:\MyWeb\app\easyphp\easyphp\library\concise\Validator.php 90 {"Runtime":"0.053s","Exception":"Whoops\\Exception\\ErrorException"} []
[2018-03-13 12:47:57] app.ERROR: sprintf(): Too few arguments@E:\MyWeb\app\easyphp\easyphp\library\concise\Validator.php 90 {"Runtime":"0.049s"} []
[2018-03-13 12:47:57] app.ERROR: sprintf(): Too few arguments@E:\MyWeb\app\easyphp\easyphp\library\concise\Validator.php 90 {"Runtime":"0.055s","Exception":"Whoops\\Exception\\ErrorException"} []
[2018-03-13 12:57:57] app.ERROR: syntax error, unexpected '$result' (T_VARIABLE)@E:\MyWeb\app\easyphp\app\index\controllers\IndexController.php 21 {"Runtime":"0.051s"} []
[2018-03-13 12:57:57] app.ERROR: syntax error, unexpected '$result' (T_VARIABLE)@E:\MyWeb\app\easyphp\app\index\controllers\IndexController.php 21 {"Runtime":"0.058s","Exception":"Whoops\\Exception\\ErrorException"} []
[2018-03-13 13:19:28] app.ERROR: concise\Validator->validCustom method not exists!@E:\MyWeb\app\easyphp\easyphp\library\concise\Validator.php 188 {"Runtime":"0.026s","Exception":"RuntimeException"} []
[2018-03-13 13:22:51] app.ERROR: Undefined index: custom@E:\MyWeb\app\easyphp\easyphp\library\concise\Validator.php 196 {"Runtime":"0.022s"} []
[2018-03-13 13:22:51] app.ERROR: Undefined index: custom@E:\MyWeb\app\easyphp\easyphp\library\concise\Validator.php 196 {"Runtime":"0.026s","Exception":"Whoops\\Exception\\ErrorException"} []
[2018-03-13 13:23:38] app.ERROR: Undefined index: custom@E:\MyWeb\app\easyphp\easyphp\library\concise\Validator.php 196 {"Runtime":"0.052s"} []
[2018-03-13 13:23:38] app.ERROR: Undefined index: custom@E:\MyWeb\app\easyphp\easyphp\library\concise\Validator.php 196 {"Runtime":"0.058s","Exception":"Whoops\\Exception\\ErrorException"} []
[2018-03-13 13:27:27] app.ERROR: Undefined index: custom@E:\MyWeb\app\easyphp\easyphp\library\concise\Validator.php 196 {"Runtime":"0.057s"} []
[2018-03-13 13:27:27] app.ERROR: Undefined index: custom@E:\MyWeb\app\easyphp\easyphp\library\concise\Validator.php 196 {"Runtime":"0.064s","Exception":"Whoops\\Exception\\ErrorException"} []
[2018-03-13 13:27:37] app.ERROR: Undefined index: custom@E:\MyWeb\app\easyphp\easyphp\library\concise\Validator.php 196 {"Runtime":"0.05s"} []
[2018-03-13 13:27:37] app.ERROR: Undefined index: custom@E:\MyWeb\app\easyphp\easyphp\library\concise\Validator.php 196 {"Runtime":"0.057s","Exception":"Whoops\\Exception\\ErrorException"} []
[2018-03-13 13:27:43] app.ERROR: Undefined index: custom@E:\MyWeb\app\easyphp\easyphp\library\concise\Validator.php 196 {"Runtime":"0.055s"} []
[2018-03-13 13:27:43] app.ERROR: Undefined index: custom@E:\MyWeb\app\easyphp\easyphp\library\concise\Validator.php 196 {"Runtime":"0.062s","Exception":"Whoops\\Exception\\ErrorException"} []
[2018-03-13 13:27:44] app.ERROR: Undefined index: custom@E:\MyWeb\app\easyphp\easyphp\library\concise\Validator.php 196 {"Runtime":"0.056s"} []
[2018-03-13 13:27:44] app.ERROR: Undefined index: custom@E:\MyWeb\app\easyphp\easyphp\library\concise\Validator.php 196 {"Runtime":"0.063s","Exception":"Whoops\\Exception\\ErrorException"} []
