[2018-03-09 00:39:16] app.ERROR: Class not exists:app\index\controllers\Session@E:\MyWeb\app\easyphp\easyphp\library\concise\Loader.php 59 {"Runtime":"0.051s","Exception":"RuntimeException"} []
[2018-03-09 00:39:17] app.ERROR: Class not exists:app\index\controllers\Session@E:\MyWeb\app\easyphp\easyphp\library\concise\Loader.php 59 {"Runtime":"0.086s","Exception":"RuntimeException"} []
[2018-03-09 00:42:00] app.ERROR: Call to a member function where() on null@E:\MyWeb\app\easyphp\easyphp\library\concise\session\mysql\SessionDatabase.php 86 {"Runtime":"0.073s"} []
[2018-03-09 00:42:00] app.ERROR: Call to a member function where() on null@E:\MyWeb\app\easyphp\easyphp\library\concise\session\mysql\SessionDatabase.php 86 {"Runtime":"0.086s","Exception":"Whoops\\Exception\\ErrorException"} []
[2018-03-09 00:42:02] app.ERROR: Call to a member function where() on null@E:\MyWeb\app\easyphp\easyphp\library\concise\session\mysql\SessionDatabase.php 86 {"Runtime":"0.054s"} []
[2018-03-09 00:42:02] app.ERROR: Call to a member function where() on null@E:\MyWeb\app\easyphp\easyphp\library\concise\session\mysql\SessionDatabase.php 86 {"Runtime":"0.065s","Exception":"Whoops\\Exception\\ErrorException"} []
[2018-03-09 00:42:24] app.ERROR: Call to a member function where() on null@E:\MyWeb\app\easyphp\easyphp\library\concise\session\mysql\SessionDatabase.php 87 {"Runtime":"0.066s"} []
[2018-03-09 00:42:24] app.ERROR: Call to a member function where() on null@E:\MyWeb\app\easyphp\easyphp\library\concise\session\mysql\SessionDatabase.php 87 {"Runtime":"0.075s","Exception":"Whoops\\Exception\\ErrorException"} []
[2018-03-09 00:42:25] app.ERROR: Call to a member function where() on null@E:\MyWeb\app\easyphp\easyphp\library\concise\session\mysql\SessionDatabase.php 87 {"Runtime":"0.075s"} []
[2018-03-09 00:42:25] app.ERROR: Call to a member function where() on null@E:\MyWeb\app\easyphp\easyphp\library\concise\session\mysql\SessionDatabase.php 87 {"Runtime":"0.085s","Exception":"Whoops\\Exception\\ErrorException"} []
[2018-03-09 00:44:39] app.ERROR: SQLSTATE[42S02]: Base table or view not found: 1146 Table 'cp_blog.blog_session_database_models' doesn't exist (SQL: select * from `blog_session_database_models` where `session_id` = msbpjiegsonq1lk1kea16eg4l3 limit 1)@E:\MyWeb\app\easyphp\vendor\illuminate\database\Connection.php 647 {"Runtime":"0.326s","Exception":"Illuminate\\Database\\QueryException"} []
[2018-03-09 00:44:40] app.ERROR: SQLSTATE[42S02]: Base table or view not found: 1146 Table 'cp_blog.blog_session_database_models' doesn't exist (SQL: select * from `blog_session_database_models` where `session_id` = msbpjiegsonq1lk1kea16eg4l3 limit 1)@E:\MyWeb\app\easyphp\vendor\illuminate\database\Connection.php 647 {"Runtime":"0.15s","Exception":"Illuminate\\Database\\QueryException"} []
[2018-03-09 00:45:56] app.ERROR: SQLSTATE[42S02]: Base table or view not found: 1146 Table 'cp_blog.blog_session_data' doesn't exist (SQL: select * from `blog_session_data` where `session_id` = msbpjiegsonq1lk1kea16eg4l3 limit 1)@E:\MyWeb\app\easyphp\vendor\illuminate\database\Connection.php 647 {"Runtime":"0.105s","Exception":"Illuminate\\Database\\QueryException"} []
[2018-03-09 00:56:30] app.ERROR: Class not exists:app\index\controllers\Exception@E:\MyWeb\app\easyphp\easyphp\library\concise\Loader.php 59 {"Runtime":"0.055s","Exception":"RuntimeException"} []
[2018-03-09 01:02:34] app.ERROR: Class not exists:app\index\controllers\Exception@E:\MyWeb\app\easyphp\easyphp\library\concise\Loader.php 59 {"Runtime":"0.078s","Exception":"RuntimeException"} []
[2018-03-09 01:02:55] app.ERROR: Class not exists:app\index\controllers\Exception@E:\MyWeb\app\easyphp\easyphp\library\concise\Loader.php 59 {"Runtime":"0.062s","Exception":"RuntimeException"} []
[2018-03-09 11:58:30] app.ERROR: Class not exists:app\index\controllers\Exception@E:\MyWeb\app\easyphp\easyphp\library\concise\Loader.php 59 {"Runtime":"0.051s","Exception":"RuntimeException"} []
[2018-03-09 11:59:22] app.ERROR: Class not exists:app\index\controllers\Exception@E:\MyWeb\app\easyphp\easyphp\library\concise\Loader.php 59 {"Runtime":"0.048s","Exception":"RuntimeException"} []
[2018-03-09 12:02:52] app.ERROR: Cannot declare class concise\session\db\Session because the name is already in use@E:\MyWeb\app\easyphp\easyphp\library\concise\session\db\Session.php 13 {"Runtime":"0.144s"} []
[2018-03-09 12:02:52] app.ERROR: Cannot declare class concise\session\db\Session because the name is already in use@E:\MyWeb\app\easyphp\easyphp\library\concise\session\db\Session.php 13 {"Runtime":"0.156s","Exception":"Whoops\\Exception\\ErrorException"} []
[2018-03-09 12:35:06] app.ERROR: Class not exists:concise\session\db\SessionModel@E:\MyWeb\app\easyphp\easyphp\library\concise\Loader.php 59 {"Runtime":"0.199s","Exception":"RuntimeException"} []
[2018-03-09 12:58:50] app.ERROR: Missing argument 1 for concise\Url::getBaseUrl(), called in E:\MyWeb\app\easyphp\app\index\controllers\IndexController.php on line 8 and defined@E:\MyWeb\app\easyphp\easyphp\library\concise\Url.php 6 {"Runtime":"0.033s"} []
[2018-03-09 12:58:50] app.ERROR: Missing argument 1 for concise\Url::getBaseUrl(), called in E:\MyWeb\app\easyphp\app\index\controllers\IndexController.php on line 8 and defined@E:\MyWeb\app\easyphp\easyphp\library\concise\Url.php 6 {"Runtime":"0.134s","Exception":"Whoops\\Exception\\ErrorException"} []
[2018-03-09 13:11:21] app.ERROR: Call to undefined method concise\Url::getBaseUrl()@E:\MyWeb\app\easyphp\app\index\controllers\IndexController.php 8 {"Runtime":"0.023s"} []
[2018-03-09 13:11:21] app.ERROR: Call to undefined method concise\Url::getBaseUrl()@E:\MyWeb\app\easyphp\app\index\controllers\IndexController.php 8 {"Runtime":"0.029s","Exception":"Whoops\\Exception\\ErrorException"} []
[2018-03-09 13:47:45] app.ERROR: Access to undeclared static property: concise\Url::$router@E:\MyWeb\app\easyphp\easyphp\library\concise\Url.php 63 {"Runtime":"0.04s"} []
[2018-03-09 13:47:45] app.ERROR: Access to undeclared static property: concise\Url::$router@E:\MyWeb\app\easyphp\easyphp\library\concise\Url.php 63 {"Runtime":"0.044s","Exception":"Whoops\\Exception\\ErrorException"} []
[2018-03-09 14:05:08] app.ERROR: Undefined index: drive@E:\MyWeb\app\easyphp\easyphp\library\concise\Url.php 75 {"Runtime":"0.024s"} []
[2018-03-09 14:05:08] app.ERROR: Undefined index: drive@E:\MyWeb\app\easyphp\easyphp\library\concise\Url.php 75 {"Runtime":"0.03s","Exception":"Whoops\\Exception\\ErrorException"} []
[2018-03-09 14:05:08] app.ERROR: Undefined index: drive@E:\MyWeb\app\easyphp\easyphp\library\concise\Url.php 75 {"Runtime":"0.027s"} []
[2018-03-09 14:05:08] app.ERROR: Undefined index: drive@E:\MyWeb\app\easyphp\easyphp\library\concise\Url.php 75 {"Runtime":"0.034s","Exception":"Whoops\\Exception\\ErrorException"} []
[2018-03-09 14:05:09] app.ERROR: Undefined index: drive@E:\MyWeb\app\easyphp\easyphp\library\concise\Url.php 75 {"Runtime":"0.028s"} []
[2018-03-09 14:05:09] app.ERROR: Undefined index: drive@E:\MyWeb\app\easyphp\easyphp\library\concise\Url.php 75 {"Runtime":"0.034s","Exception":"Whoops\\Exception\\ErrorException"} []
[2018-03-09 14:05:09] app.ERROR: Undefined index: drive@E:\MyWeb\app\easyphp\easyphp\library\concise\Url.php 75 {"Runtime":"0.042s"} []
[2018-03-09 14:05:10] app.ERROR: Undefined index: drive@E:\MyWeb\app\easyphp\easyphp\library\concise\Url.php 75 {"Runtime":"0.046s","Exception":"Whoops\\Exception\\ErrorException"} []
