[2018-03-17 12:58:38] app.ERROR: Template not exists:E:/MyWeb/app/chat/easyphp/../views/index/index/welcome.php@E:\MyWeb\app\chat\easyphp\library\concise\View.php 128 {"Runtime":"0.044s","Exception":"concise\\exception\\TemplateNotFoundException"} []
[2018-03-17 13:00:03] app.ERROR: Template not exists:E:/MyWeb/app/chat/easyphp/../views/index/index/welcome.php@E:\MyWeb\app\chat\easyphp\library\concise\View.php 128 {"Runtime":"0.027s","Exception":"concise\\exception\\TemplateNotFoundException"} []
[2018-03-17 13:03:48] app.ERROR: Bootstrap 控制器不存在@E:\MyWeb\app\chat\easyphp\library\concise\Router.php 38 {"Runtime":"0.03s","Exception":"concise\\exception\\HttpException"} []
[2018-03-17 13:03:49] app.ERROR: Css 控制器不存在@E:\MyWeb\app\chat\easyphp\library\concise\Router.php 38 {"Runtime":"0.025s","Exception":"concise\\exception\\HttpException"} []
[2018-03-17 13:03:49] app.ERROR: Css 控制器不存在@E:\MyWeb\app\chat\easyphp\library\concise\Router.php 38 {"Runtime":"0.025s","Exception":"concise\\exception\\HttpException"} []
[2018-03-17 13:03:52] app.ERROR: Css 控制器不存在@E:\MyWeb\app\chat\easyphp\library\concise\Router.php 38 {"Runtime":"0.034s","Exception":"concise\\exception\\HttpException"} []
[2018-03-17 13:03:52] app.ERROR: Bootstrap 控制器不存在@E:\MyWeb\app\chat\easyphp\library\concise\Router.php 38 {"Runtime":"0.034s","Exception":"concise\\exception\\HttpException"} []
[2018-03-17 13:03:52] app.ERROR: Css 控制器不存在@E:\MyWeb\app\chat\easyphp\library\concise\Router.php 38 {"Runtime":"0.025s","Exception":"concise\\exception\\HttpException"} []
[2018-03-17 13:04:08] app.ERROR: Css 控制器不存在@E:\MyWeb\app\chat\easyphp\library\concise\Router.php 38 {"Runtime":"0.033s","Exception":"concise\\exception\\HttpException"} []
[2018-03-17 13:11:42] app.ERROR: Class app\index\controllers\Request does not exist@E:\MyWeb\app\chat\easyphp\library\concise\Ioc.php 76 {"Runtime":"0.026s","Exception":"ReflectionException"} []
[2018-03-17 13:12:00] app.ERROR: Undefined variable: request@E:\MyWeb\app\chat\app\index\controllers\LoginController.php 12 {"Runtime":"0.036s"} []
[2018-03-17 13:12:00] app.ERROR: Undefined variable: request@E:\MyWeb\app\chat\app\index\controllers\LoginController.php 12 {"Runtime":"0.046s","Exception":"Whoops\\Exception\\ErrorException"} []
[2018-03-17 13:12:45] app.ERROR: Template not exists:E:/MyWeb/app/chat/easyphp/../views/index/Index/index.php@E:\MyWeb\app\chat\easyphp\library\concise\View.php 128 {"Runtime":"0.05s","Exception":"concise\\exception\\TemplateNotFoundException"} []
[2018-03-17 13:27:33] app.ERROR: Assets 控制器不存在@E:\MyWeb\app\chat\easyphp\library\concise\Router.php 38 {"Runtime":"0.032s","Exception":"concise\\exception\\HttpException"} []
[2018-03-17 13:27:34] app.ERROR: Assets 控制器不存在@E:\MyWeb\app\chat\easyphp\library\concise\Router.php 38 {"Runtime":"0.034s","Exception":"concise\\exception\\HttpException"} []
[2018-03-17 13:28:42] app.ERROR: Assets 控制器不存在@E:\MyWeb\app\chat\easyphp\library\concise\Router.php 38 {"Runtime":"0.037s","Exception":"concise\\exception\\HttpException"} []
[2018-03-17 13:28:42] app.ERROR: Assets 控制器不存在@E:\MyWeb\app\chat\easyphp\library\concise\Router.php 38 {"Runtime":"0.038s","Exception":"concise\\exception\\HttpException"} []
[2018-03-17 13:28:42] app.ERROR: Assets 控制器不存在@E:\MyWeb\app\chat\easyphp\library\concise\Router.php 38 {"Runtime":"0.026s","Exception":"concise\\exception\\HttpException"} []
[2018-03-17 13:28:43] app.ERROR: Assets 控制器不存在@E:\MyWeb\app\chat\easyphp\library\concise\Router.php 38 {"Runtime":"0.039s","Exception":"concise\\exception\\HttpException"} []
[2018-03-17 13:28:44] app.ERROR: Assets 控制器不存在@E:\MyWeb\app\chat\easyphp\library\concise\Router.php 38 {"Runtime":"0.029s","Exception":"concise\\exception\\HttpException"} []
[2018-03-17 13:28:45] app.ERROR: Assets 控制器不存在@E:\MyWeb\app\chat\easyphp\library\concise\Router.php 38 {"Runtime":"0.024s","Exception":"concise\\exception\\HttpException"} []
[2018-03-17 13:28:50] app.ERROR: Assets 控制器不存在@E:\MyWeb\app\chat\easyphp\library\concise\Router.php 38 {"Runtime":"0.033s","Exception":"concise\\exception\\HttpException"} []
[2018-03-17 13:28:51] app.ERROR: Assets 控制器不存在@E:\MyWeb\app\chat\easyphp\library\concise\Router.php 38 {"Runtime":"0.036s","Exception":"concise\\exception\\HttpException"} []
[2018-03-17 13:28:52] app.ERROR: Assets 控制器不存在@E:\MyWeb\app\chat\easyphp\library\concise\Router.php 38 {"Runtime":"0.041s","Exception":"concise\\exception\\HttpException"} []
[2018-03-17 13:28:53] app.ERROR: Assets 控制器不存在@E:\MyWeb\app\chat\easyphp\library\concise\Router.php 38 {"Runtime":"0.024s","Exception":"concise\\exception\\HttpException"} []
[2018-03-17 13:28:53] app.ERROR: Assets 控制器不存在@E:\MyWeb\app\chat\easyphp\library\concise\Router.php 38 {"Runtime":"0.026s","Exception":"concise\\exception\\HttpException"} []
[2018-03-17 13:29:02] app.ERROR: Assets 控制器不存在@E:\MyWeb\app\chat\easyphp\library\concise\Router.php 38 {"Runtime":"0.031s","Exception":"concise\\exception\\HttpException"} []
[2018-03-17 13:29:08] app.ERROR: Assets 控制器不存在@E:\MyWeb\app\chat\easyphp\library\concise\Router.php 38 {"Runtime":"0.038s","Exception":"concise\\exception\\HttpException"} []
[2018-03-17 13:29:08] app.ERROR: Assets 控制器不存在@E:\MyWeb\app\chat\easyphp\library\concise\Router.php 38 {"Runtime":"0.034s","Exception":"concise\\exception\\HttpException"} []
[2018-03-17 13:29:10] app.ERROR: Assets 控制器不存在@E:\MyWeb\app\chat\easyphp\library\concise\Router.php 38 {"Runtime":"0.04s","Exception":"concise\\exception\\HttpException"} []
[2018-03-17 13:29:10] app.ERROR: Assets 控制器不存在@E:\MyWeb\app\chat\easyphp\library\concise\Router.php 38 {"Runtime":"0.033s","Exception":"concise\\exception\\HttpException"} []
[2018-03-17 13:29:11] app.ERROR: Assets 控制器不存在@E:\MyWeb\app\chat\easyphp\library\concise\Router.php 38 {"Runtime":"0.042s","Exception":"concise\\exception\\HttpException"} []
[2018-03-17 13:29:38] app.ERROR: Assets 控制器不存在@E:\MyWeb\app\chat\easyphp\library\concise\Router.php 38 {"Runtime":"0.032s","Exception":"concise\\exception\\HttpException"} []
[2018-03-17 13:29:39] app.ERROR: Assets 控制器不存在@E:\MyWeb\app\chat\easyphp\library\concise\Router.php 38 {"Runtime":"0.026s","Exception":"concise\\exception\\HttpException"} []
[2018-03-17 13:29:45] app.ERROR: Assets 控制器不存在@E:\MyWeb\app\chat\easyphp\library\concise\Router.php 38 {"Runtime":"0.048s","Exception":"concise\\exception\\HttpException"} []
[2018-03-17 13:32:32] app.ERROR: Assets 控制器不存在@E:\MyWeb\app\chat\easyphp\library\concise\Router.php 38 {"Runtime":"0.034s","Exception":"concise\\exception\\HttpException"} []
[2018-03-17 13:32:33] app.ERROR: Assets 控制器不存在@E:\MyWeb\app\chat\easyphp\library\concise\Router.php 38 {"Runtime":"0.038s","Exception":"concise\\exception\\HttpException"} []
[2018-03-17 14:05:06] app.ERROR: Assets 控制器不存在@E:\MyWeb\app\chat\easyphp\library\concise\Router.php 38 {"Runtime":"0.361s","Exception":"concise\\exception\\HttpException"} []
[2018-03-17 14:05:06] app.ERROR: Assets 控制器不存在@E:\MyWeb\app\chat\easyphp\library\concise\Router.php 38 {"Runtime":"0.042s","Exception":"concise\\exception\\HttpException"} []
[2018-03-17 14:05:06] app.ERROR: Assets 控制器不存在@E:\MyWeb\app\chat\easyphp\library\concise\Router.php 38 {"Runtime":"0.023s","Exception":"concise\\exception\\HttpException"} []
[2018-03-17 14:05:06] app.ERROR: Assets 控制器不存在@E:\MyWeb\app\chat\easyphp\library\concise\Router.php 38 {"Runtime":"0.033s","Exception":"concise\\exception\\HttpException"} []
[2018-03-17 14:05:07] app.ERROR: Assets 控制器不存在@E:\MyWeb\app\chat\easyphp\library\concise\Router.php 38 {"Runtime":"0.024s","Exception":"concise\\exception\\HttpException"} []
[2018-03-17 15:34:32] app.ERROR: Assets controller not exists!@E:\MyWeb\app\chat\easyphp\library\concise\Router.php 42 {"Runtime":"0.14s","Exception":"concise\\exception\\HttpException"} []
[2018-03-17 15:34:33] app.ERROR: Assets controller not exists!@E:\MyWeb\app\chat\easyphp\library\concise\Router.php 42 {"Runtime":"0.047s","Exception":"concise\\exception\\HttpException"} []
[2018-03-17 15:34:33] app.ERROR: Assets controller not exists!@E:\MyWeb\app\chat\easyphp\library\concise\Router.php 42 {"Runtime":"0.033s","Exception":"concise\\exception\\HttpException"} []
[2018-03-17 15:34:35] app.ERROR: Assets controller not exists!@E:\MyWeb\app\chat\easyphp\library\concise\Router.php 42 {"Runtime":"0.047s","Exception":"concise\\exception\\HttpException"} []
[2018-03-17 15:34:35] app.ERROR: Assets controller not exists!@E:\MyWeb\app\chat\easyphp\library\concise\Router.php 42 {"Runtime":"0.046s","Exception":"concise\\exception\\HttpException"} []
[2018-03-17 15:34:36] app.ERROR: Assets controller not exists!@E:\MyWeb\app\chat\easyphp\library\concise\Router.php 42 {"Runtime":"0.029s","Exception":"concise\\exception\\HttpException"} []
[2018-03-17 15:34:37] app.ERROR: Assets controller not exists!@E:\MyWeb\app\chat\easyphp\library\concise\Router.php 42 {"Runtime":"0.045s","Exception":"concise\\exception\\HttpException"} []
[2018-03-17 15:34:37] app.ERROR: Assets controller not exists!@E:\MyWeb\app\chat\easyphp\library\concise\Router.php 42 {"Runtime":"0.046s","Exception":"concise\\exception\\HttpException"} []
[2018-03-17 15:34:37] app.ERROR: Assets controller not exists!@E:\MyWeb\app\chat\easyphp\library\concise\Router.php 42 {"Runtime":"0.046s","Exception":"concise\\exception\\HttpException"} []
[2018-03-17 15:35:32] app.ERROR: Assets controller not exists!@E:\MyWeb\app\chat\easyphp\library\concise\Router.php 42 {"Runtime":"0.039s","Exception":"concise\\exception\\HttpException"} []
[2018-03-17 15:35:32] app.ERROR: Assets controller not exists!@E:\MyWeb\app\chat\easyphp\library\concise\Router.php 42 {"Runtime":"0.04s","Exception":"concise\\exception\\HttpException"} []
[2018-03-17 15:35:33] app.ERROR: Assets controller not exists!@E:\MyWeb\app\chat\easyphp\library\concise\Router.php 42 {"Runtime":"0.031s","Exception":"concise\\exception\\HttpException"} []
[2018-03-17 15:36:05] app.ERROR: Assets controller not exists!@E:\MyWeb\app\chat\easyphp\library\concise\Router.php 42 {"Runtime":"0.044s","Exception":"concise\\exception\\HttpException"} []
[2018-03-17 15:36:05] app.ERROR: Assets controller not exists!@E:\MyWeb\app\chat\easyphp\library\concise\Router.php 42 {"Runtime":"0.05s","Exception":"concise\\exception\\HttpException"} []
[2018-03-17 15:36:06] app.ERROR: Assets controller not exists!@E:\MyWeb\app\chat\easyphp\library\concise\Router.php 42 {"Runtime":"0.034s","Exception":"concise\\exception\\HttpException"} []
[2018-03-17 15:36:13] app.ERROR: Assets controller not exists!@E:\MyWeb\app\chat\easyphp\library\concise\Router.php 42 {"Runtime":"0.043s","Exception":"concise\\exception\\HttpException"} []
[2018-03-17 15:36:13] app.ERROR: Assets controller not exists!@E:\MyWeb\app\chat\easyphp\library\concise\Router.php 42 {"Runtime":"0.044s","Exception":"concise\\exception\\HttpException"} []
[2018-03-17 15:36:14] app.ERROR: Assets controller not exists!@E:\MyWeb\app\chat\easyphp\library\concise\Router.php 42 {"Runtime":"0.033s","Exception":"concise\\exception\\HttpException"} []
[2018-03-17 15:36:31] app.ERROR: Assets controller not exists!@E:\MyWeb\app\chat\easyphp\library\concise\Router.php 42 {"Runtime":"0.05s","Exception":"concise\\exception\\HttpException"} []
[2018-03-17 15:36:31] app.ERROR: Assets controller not exists!@E:\MyWeb\app\chat\easyphp\library\concise\Router.php 42 {"Runtime":"0.047s","Exception":"concise\\exception\\HttpException"} []
[2018-03-17 15:36:32] app.ERROR: Assets controller not exists!@E:\MyWeb\app\chat\easyphp\library\concise\Router.php 42 {"Runtime":"0.029s","Exception":"concise\\exception\\HttpException"} []
[2018-03-17 15:37:03] app.ERROR: Assets controller not exists!@E:\MyWeb\app\chat\easyphp\library\concise\Router.php 42 {"Runtime":"0.041s","Exception":"concise\\exception\\HttpException"} []
[2018-03-17 15:37:03] app.ERROR: Assets controller not exists!@E:\MyWeb\app\chat\easyphp\library\concise\Router.php 42 {"Runtime":"0.049s","Exception":"concise\\exception\\HttpException"} []
[2018-03-17 15:37:04] app.ERROR: Assets controller not exists!@E:\MyWeb\app\chat\easyphp\library\concise\Router.php 42 {"Runtime":"0.034s","Exception":"concise\\exception\\HttpException"} []
[2018-03-17 15:37:10] app.ERROR: Assets controller not exists!@E:\MyWeb\app\chat\easyphp\library\concise\Router.php 42 {"Runtime":"0.046s","Exception":"concise\\exception\\HttpException"} []
[2018-03-17 15:37:10] app.ERROR: Assets controller not exists!@E:\MyWeb\app\chat\easyphp\library\concise\Router.php 42 {"Runtime":"0.048s","Exception":"concise\\exception\\HttpException"} []
[2018-03-17 15:37:11] app.ERROR: Assets controller not exists!@E:\MyWeb\app\chat\easyphp\library\concise\Router.php 42 {"Runtime":"0.038s","Exception":"concise\\exception\\HttpException"} []
[2018-03-17 15:39:54] app.ERROR: Assets controller not exists!@E:\MyWeb\app\chat\easyphp\library\concise\Router.php 42 {"Runtime":"0.044s","Exception":"concise\\exception\\HttpException"} []
[2018-03-17 15:39:54] app.ERROR: Assets controller not exists!@E:\MyWeb\app\chat\easyphp\library\concise\Router.php 42 {"Runtime":"0.046s","Exception":"concise\\exception\\HttpException"} []
[2018-03-17 15:39:55] app.ERROR: Assets controller not exists!@E:\MyWeb\app\chat\easyphp\library\concise\Router.php 42 {"Runtime":"0.029s","Exception":"concise\\exception\\HttpException"} []
[2018-03-17 15:40:01] app.ERROR: Assets controller not exists!@E:\MyWeb\app\chat\easyphp\library\concise\Router.php 42 {"Runtime":"0.032s","Exception":"concise\\exception\\HttpException"} []
[2018-03-17 15:40:01] app.ERROR: Assets controller not exists!@E:\MyWeb\app\chat\easyphp\library\concise\Router.php 42 {"Runtime":"0.053s","Exception":"concise\\exception\\HttpException"} []
[2018-03-17 15:40:02] app.ERROR: Assets controller not exists!@E:\MyWeb\app\chat\easyphp\library\concise\Router.php 42 {"Runtime":"0.03s","Exception":"concise\\exception\\HttpException"} []
[2018-03-17 15:40:17] app.ERROR: Assets controller not exists!@E:\MyWeb\app\chat\easyphp\library\concise\Router.php 42 {"Runtime":"0.046s","Exception":"concise\\exception\\HttpException"} []
[2018-03-17 15:40:17] app.ERROR: Assets controller not exists!@E:\MyWeb\app\chat\easyphp\library\concise\Router.php 42 {"Runtime":"0.051s","Exception":"concise\\exception\\HttpException"} []
[2018-03-17 15:40:18] app.ERROR: Assets controller not exists!@E:\MyWeb\app\chat\easyphp\library\concise\Router.php 42 {"Runtime":"0.027s","Exception":"concise\\exception\\HttpException"} []
[2018-03-17 15:49:51] app.ERROR: Assets controller not exists!@E:\MyWeb\app\chat\easyphp\library\concise\Router.php 42 {"Runtime":"0.046s","Exception":"concise\\exception\\HttpException"} []
[2018-03-17 15:49:52] app.ERROR: Assets controller not exists!@E:\MyWeb\app\chat\easyphp\library\concise\Router.php 42 {"Runtime":"0.036s","Exception":"concise\\exception\\HttpException"} []
[2018-03-17 15:49:52] app.ERROR: Assets controller not exists!@E:\MyWeb\app\chat\easyphp\library\concise\Router.php 42 {"Runtime":"0.03s","Exception":"concise\\exception\\HttpException"} []
[2018-03-17 15:50:58] app.ERROR: Assets controller not exists!@E:\MyWeb\app\chat\easyphp\library\concise\Router.php 42 {"Runtime":"0.062s","Exception":"concise\\exception\\HttpException"} []
[2018-03-17 15:50:59] app.ERROR: Assets controller not exists!@E:\MyWeb\app\chat\easyphp\library\concise\Router.php 42 {"Runtime":"0.047s","Exception":"concise\\exception\\HttpException"} []
[2018-03-17 15:51:32] app.ERROR: Assets controller not exists!@E:\MyWeb\app\chat\easyphp\library\concise\Router.php 42 {"Runtime":"0.048s","Exception":"concise\\exception\\HttpException"} []
[2018-03-17 15:51:32] app.ERROR: Assets controller not exists!@E:\MyWeb\app\chat\easyphp\library\concise\Router.php 42 {"Runtime":"0.059s","Exception":"concise\\exception\\HttpException"} []
[2018-03-17 15:51:33] app.ERROR: Assets controller not exists!@E:\MyWeb\app\chat\easyphp\library\concise\Router.php 42 {"Runtime":"0.027s","Exception":"concise\\exception\\HttpException"} []
[2018-03-17 15:55:55] app.ERROR: Assets controller not exists!@E:\MyWeb\app\chat\easyphp\library\concise\Router.php 42 {"Runtime":"0.043s","Exception":"concise\\exception\\HttpException"} []
[2018-03-17 15:55:55] app.ERROR: Assets controller not exists!@E:\MyWeb\app\chat\easyphp\library\concise\Router.php 42 {"Runtime":"0.041s","Exception":"concise\\exception\\HttpException"} []
[2018-03-17 15:56:27] app.ERROR: Assets controller not exists!@E:\MyWeb\app\chat\easyphp\library\concise\Router.php 42 {"Runtime":"0.044s","Exception":"concise\\exception\\HttpException"} []
[2018-03-17 15:56:27] app.ERROR: Assets controller not exists!@E:\MyWeb\app\chat\easyphp\library\concise\Router.php 42 {"Runtime":"0.041s","Exception":"concise\\exception\\HttpException"} []
[2018-03-17 16:16:50] app.ERROR: SQLSTATE[HY000] [1049] Unknown database 'wechat' (SQL: insert into `message` (`nickname`, `content`, `create_time`) values (Mdcm, test, 1521274610))@E:\MyWeb\app\chat\vendor\illuminate\database\Connection.php 647 {"Runtime":"0.05s","Exception":"Illuminate\\Database\\QueryException"} []
[2018-03-17 16:19:48] app.ERROR: Call to undefined method Illuminate\Database\Query\Builder::field()@E:\MyWeb\app\chat\vendor\illuminate\database\Query\Builder.php 2445 {"Runtime":"0.043s","Exception":"BadMethodCallException"} []
[2018-03-17 16:27:40] app.ERROR: Missing argument 1 for url(), called in E:\MyWeb\app\chat\app\index\controllers\LoginController.php on line 13 and defined@E:\MyWeb\app\chat\easyphp\helper.php 177 {"Runtime":"0.024s"} []
[2018-03-17 16:27:40] app.ERROR: Missing argument 1 for url(), called in E:\MyWeb\app\chat\app\index\controllers\LoginController.php on line 13 and defined@E:\MyWeb\app\chat\easyphp\helper.php 177 {"Runtime":"0.028s","Exception":"Whoops\\Exception\\ErrorException"} []
[2018-03-17 16:32:16] app.ERROR: Call to undefined method Illuminate\Database\Query\Builder::task()@E:\MyWeb\app\chat\vendor\illuminate\database\Query\Builder.php 2445 {"Runtime":"0.049s","Exception":"BadMethodCallException"} []
[2018-03-17 17:14:00] app.ERROR: Assets controller not exists!@E:\MyWeb\app\chat\easyphp\library\concise\Router.php 42 {"Runtime":"0.253s","Exception":"concise\\exception\\HttpException"} []
[2018-03-17 17:14:01] app.ERROR: Assets controller not exists!@E:\MyWeb\app\chat\easyphp\library\concise\Router.php 42 {"Runtime":"0.055s","Exception":"concise\\exception\\HttpException"} []
[2018-03-17 17:14:01] app.ERROR: Assets controller not exists!@E:\MyWeb\app\chat\easyphp\library\concise\Router.php 42 {"Runtime":"0.036s","Exception":"concise\\exception\\HttpException"} []
[2018-03-17 17:14:01] app.ERROR: Assets controller not exists!@E:\MyWeb\app\chat\easyphp\library\concise\Router.php 42 {"Runtime":"0.039s","Exception":"concise\\exception\\HttpException"} []
[2018-03-17 17:14:02] app.ERROR: Assets controller not exists!@E:\MyWeb\app\chat\easyphp\library\concise\Router.php 42 {"Runtime":"0.027s","Exception":"concise\\exception\\HttpException"} []
