[2018-03-12 14:00:37] app.ERROR: app\index\controllers\IndexController 中test方法不存在@E:\MyWeb\app\easyphp\easyphp\library\concise\Ioc.php 43 {"Runtime":"0.475s","Exception":"RuntimeException"} []
[2018-03-12 14:01:01] app.ERROR: app\index\controllers\IndexController 中test方法不存在@E:\MyWeb\app\easyphp\easyphp\library\concise\Ioc.php 43 {"Runtime":"0.045s","Exception":"RuntimeException"} []
[2018-03-12 14:01:17] app.ERROR: syntax error, unexpected 'use' (T_USE), expecting \\ (T_NS_SEPARATOR) or ';' or '{'@E:\MyWeb\app\easyphp\app\index\controllers\TestController.php 3 {"Runtime":"0.04s"} []
[2018-03-12 14:01:17] app.ERROR: syntax error, unexpected 'use' (T_USE), expecting \\ (T_NS_SEPARATOR) or ';' or '{'@E:\MyWeb\app\easyphp\app\index\controllers\TestController.php 3 {"Runtime":"0.048s","Exception":"Whoops\\Exception\\ErrorException"} []
[2018-03-12 14:01:37] app.ERROR: Test 控制器不存在@E:\MyWeb\app\easyphp\easyphp\library\concise\Router.php 38 {"Runtime":"0.041s","Exception":"concise\\exception\\HttpException"} []
[2018-03-12 14:02:53] app.ERROR: syntax error, unexpected 'use' (T_USE), expecting \\ (T_NS_SEPARATOR) or ';' or '{'@E:\MyWeb\app\easyphp\app\index\controllers\TestController.php 3 {"Runtime":"0.044s"} []
[2018-03-12 14:02:53] app.ERROR: syntax error, unexpected 'use' (T_USE), expecting \\ (T_NS_SEPARATOR) or ';' or '{'@E:\MyWeb\app\easyphp\app\index\controllers\TestController.php 3 {"Runtime":"0.054s","Exception":"Whoops\\Exception\\ErrorException"} []
[2018-03-12 14:03:12] app.ERROR: Class app\index\controllers\TestController does not exist@E:\MyWeb\app\easyphp\easyphp\library\concise\Ioc.php 57 {"Runtime":"0.043s","Exception":"ReflectionException"} []
[2018-03-12 16:11:10] app.ERROR: Test 控制器不存在@E:\MyWeb\app\easyphp\easyphp\library\concise\Router.php 38 {"Runtime":"0.026s","Exception":"concise\\exception\\HttpException"} []
[2018-03-12 16:11:11] app.ERROR: Test 控制器不存在@E:\MyWeb\app\easyphp\easyphp\library\concise\Router.php 38 {"Runtime":"0.052s","Exception":"concise\\exception\\HttpException"} []
[2018-03-12 17:00:34] app.ERROR: Cannot use isset() on the result of a function call (you can use "null !== func()" instead)@E:\MyWeb\app\easyphp\easyphp\library\concise\Validator.php 165 {"Runtime":"0.023s"} []
[2018-03-12 17:00:34] app.ERROR: Cannot use isset() on the result of a function call (you can use "null !== func()" instead)@E:\MyWeb\app\easyphp\easyphp\library\concise\Validator.php 165 {"Runtime":"0.027s","Exception":"Whoops\\Exception\\ErrorException"} []
[2018-03-12 17:01:47] app.ERROR: Missing argument 1 for concise\Validator::validRequired()@E:\MyWeb\app\easyphp\easyphp\library\concise\Validator.php 163 {"Runtime":"0.037s"} []
[2018-03-12 17:01:47] app.ERROR: Missing argument 1 for concise\Validator::validRequired()@E:\MyWeb\app\easyphp\easyphp\library\concise\Validator.php 163 {"Runtime":"0.042s","Exception":"Whoops\\Exception\\ErrorException"} []
[2018-03-12 17:01:48] app.ERROR: Missing argument 1 for concise\Validator::validRequired()@E:\MyWeb\app\easyphp\easyphp\library\concise\Validator.php 163 {"Runtime":"0.055s"} []
[2018-03-12 17:01:48] app.ERROR: Missing argument 1 for concise\Validator::validRequired()@E:\MyWeb\app\easyphp\easyphp\library\concise\Validator.php 163 {"Runtime":"0.061s","Exception":"Whoops\\Exception\\ErrorException"} []
[2018-03-12 17:01:48] app.ERROR: Missing argument 1 for concise\Validator::validRequired()@E:\MyWeb\app\easyphp\easyphp\library\concise\Validator.php 163 {"Runtime":"0.027s"} []
[2018-03-12 17:01:48] app.ERROR: Missing argument 1 for concise\Validator::validRequired()@E:\MyWeb\app\easyphp\easyphp\library\concise\Validator.php 163 {"Runtime":"0.031s","Exception":"Whoops\\Exception\\ErrorException"} []
[2018-03-12 17:02:04] app.ERROR: Undefined offset: 1@E:\MyWeb\app\easyphp\easyphp\library\concise\Validator.php 80 {"Runtime":"0.051s"} []
[2018-03-12 17:02:04] app.ERROR: Undefined offset: 1@E:\MyWeb\app\easyphp\easyphp\library\concise\Validator.php 80 {"Runtime":"0.057s","Exception":"Whoops\\Exception\\ErrorException"} []
[2018-03-12 17:02:18] app.ERROR: Missing argument 1 for concise\Validator::validRequired()@E:\MyWeb\app\easyphp\easyphp\library\concise\Validator.php 163 {"Runtime":"0.049s"} []
[2018-03-12 17:02:18] app.ERROR: Missing argument 1 for concise\Validator::validRequired()@E:\MyWeb\app\easyphp\easyphp\library\concise\Validator.php 163 {"Runtime":"0.056s","Exception":"Whoops\\Exception\\ErrorException"} []
[2018-03-12 17:05:37] app.ERROR: Undefined index: validRequired@E:\MyWeb\app\easyphp\easyphp\library\concise\Validator.php 147 {"Runtime":"0.045s"} []
[2018-03-12 17:05:37] app.ERROR: Undefined index: validRequired@E:\MyWeb\app\easyphp\easyphp\library\concise\Validator.php 147 {"Runtime":"0.05s","Exception":"Whoops\\Exception\\ErrorException"} []
[2018-03-12 17:05:38] app.ERROR: Undefined index: validRequired@E:\MyWeb\app\easyphp\easyphp\library\concise\Validator.php 147 {"Runtime":"0.02s"} []
[2018-03-12 17:05:38] app.ERROR: Undefined index: validRequired@E:\MyWeb\app\easyphp\easyphp\library\concise\Validator.php 147 {"Runtime":"0.024s","Exception":"Whoops\\Exception\\ErrorException"} []
[2018-03-12 17:05:38] app.ERROR: Undefined index: validRequired@E:\MyWeb\app\easyphp\easyphp\library\concise\Validator.php 147 {"Runtime":"0.049s"} []
[2018-03-12 17:05:38] app.ERROR: Undefined index: validRequired@E:\MyWeb\app\easyphp\easyphp\library\concise\Validator.php 147 {"Runtime":"0.054s","Exception":"Whoops\\Exception\\ErrorException"} []
[2018-03-12 17:06:26] app.ERROR: Undefined index: validRequired@E:\MyWeb\app\easyphp\easyphp\library\concise\Validator.php 147 {"Runtime":"0.046s"} []
[2018-03-12 17:06:26] app.ERROR: Undefined index: validRequired@E:\MyWeb\app\easyphp\easyphp\library\concise\Validator.php 147 {"Runtime":"0.052s","Exception":"Whoops\\Exception\\ErrorException"} []
[2018-03-12 17:06:27] app.ERROR: Undefined index: validRequired@E:\MyWeb\app\easyphp\easyphp\library\concise\Validator.php 147 {"Runtime":"0.026s"} []
[2018-03-12 17:06:27] app.ERROR: Undefined index: validRequired@E:\MyWeb\app\easyphp\easyphp\library\concise\Validator.php 147 {"Runtime":"0.03s","Exception":"Whoops\\Exception\\ErrorException"} []
[2018-03-12 17:06:27] app.ERROR: Undefined index: validRequired@E:\MyWeb\app\easyphp\easyphp\library\concise\Validator.php 147 {"Runtime":"0.052s"} []
[2018-03-12 17:06:27] app.ERROR: Undefined index: validRequired@E:\MyWeb\app\easyphp\easyphp\library\concise\Validator.php 147 {"Runtime":"0.057s","Exception":"Whoops\\Exception\\ErrorException"} []
[2018-03-12 17:06:27] app.ERROR: Undefined index: validRequired@E:\MyWeb\app\easyphp\easyphp\library\concise\Validator.php 147 {"Runtime":"0.028s"} []
[2018-03-12 17:06:27] app.ERROR: Undefined index: validRequired@E:\MyWeb\app\easyphp\easyphp\library\concise\Validator.php 147 {"Runtime":"0.033s","Exception":"Whoops\\Exception\\ErrorException"} []
[2018-03-12 17:06:27] app.ERROR: Undefined index: validRequired@E:\MyWeb\app\easyphp\easyphp\library\concise\Validator.php 147 {"Runtime":"0.022s"} []
[2018-03-12 17:06:27] app.ERROR: Undefined index: validRequired@E:\MyWeb\app\easyphp\easyphp\library\concise\Validator.php 147 {"Runtime":"0.026s","Exception":"Whoops\\Exception\\ErrorException"} []
[2018-03-12 17:06:57] app.ERROR: Undefined index: validRequired@E:\MyWeb\app\easyphp\easyphp\library\concise\Validator.php 147 {"Runtime":"0.023s"} []
[2018-03-12 17:06:57] app.ERROR: Undefined index: validRequired@E:\MyWeb\app\easyphp\easyphp\library\concise\Validator.php 147 {"Runtime":"0.028s","Exception":"Whoops\\Exception\\ErrorException"} []
[2018-03-12 17:08:55] app.ERROR: Undefined index: validRequired@E:\MyWeb\app\easyphp\easyphp\library\concise\Validator.php 148 {"Runtime":"0.045s"} []
[2018-03-12 17:08:55] app.ERROR: Undefined index: validRequired@E:\MyWeb\app\easyphp\easyphp\library\concise\Validator.php 148 {"Runtime":"0.05s","Exception":"Whoops\\Exception\\ErrorException"} []
[2018-03-12 17:09:03] app.ERROR: Undefined index: validRequired@E:\MyWeb\app\easyphp\easyphp\library\concise\Validator.php 149 {"Runtime":"0.039s"} []
[2018-03-12 17:09:04] app.ERROR: Undefined index: validRequired@E:\MyWeb\app\easyphp\easyphp\library\concise\Validator.php 149 {"Runtime":"0.043s","Exception":"Whoops\\Exception\\ErrorException"} []
[2018-03-12 17:09:04] app.ERROR: Undefined index: validRequired@E:\MyWeb\app\easyphp\easyphp\library\concise\Validator.php 149 {"Runtime":"0.05s"} []
[2018-03-12 17:09:04] app.ERROR: Undefined index: validRequired@E:\MyWeb\app\easyphp\easyphp\library\concise\Validator.php 149 {"Runtime":"0.056s","Exception":"Whoops\\Exception\\ErrorException"} []
[2018-03-12 17:09:04] app.ERROR: Undefined index: validRequired@E:\MyWeb\app\easyphp\easyphp\library\concise\Validator.php 149 {"Runtime":"0.025s"} []
[2018-03-12 17:09:04] app.ERROR: Undefined index: validRequired@E:\MyWeb\app\easyphp\easyphp\library\concise\Validator.php 149 {"Runtime":"0.028s","Exception":"Whoops\\Exception\\ErrorException"} []
[2018-03-12 17:10:15] app.ERROR: syntax error, unexpected '}'@E:\MyWeb\app\easyphp\easyphp\library\concise\Validator.php 148 {"Runtime":"0.065s"} []
[2018-03-12 17:10:15] app.ERROR: syntax error, unexpected '}'@E:\MyWeb\app\easyphp\easyphp\library\concise\Validator.php 148 {"Runtime":"0.072s","Exception":"Whoops\\Exception\\ErrorException"} []
[2018-03-12 17:10:29] app.ERROR: concise\Validator->validLength method not exists!@E:\MyWeb\app\easyphp\easyphp\library\concise\Validator.php 161 {"Runtime":"0.053s","Exception":"RuntimeException"} []
[2018-03-12 17:30:08] app.ERROR: Missing argument 2 for concise\Validator::validLength()@E:\MyWeb\app\easyphp\easyphp\library\concise\Validator.php 197 {"Runtime":"0.045s"} []
[2018-03-12 17:30:08] app.ERROR: Missing argument 2 for concise\Validator::validLength()@E:\MyWeb\app\easyphp\easyphp\library\concise\Validator.php 197 {"Runtime":"0.05s","Exception":"Whoops\\Exception\\ErrorException"} []
[2018-03-12 17:31:17] app.ERROR: Undefined offset: 1@E:\MyWeb\app\easyphp\easyphp\library\concise\Validator.php 84 {"Runtime":"0.034s"} []
[2018-03-12 17:31:17] app.ERROR: Undefined offset: 1@E:\MyWeb\app\easyphp\easyphp\library\concise\Validator.php 84 {"Runtime":"0.038s","Exception":"Whoops\\Exception\\ErrorException"} []
[2018-03-12 17:31:17] app.ERROR: Undefined offset: 1@E:\MyWeb\app\easyphp\easyphp\library\concise\Validator.php 84 {"Runtime":"0.042s"} []
[2018-03-12 17:31:17] app.ERROR: Undefined offset: 1@E:\MyWeb\app\easyphp\easyphp\library\concise\Validator.php 84 {"Runtime":"0.047s","Exception":"Whoops\\Exception\\ErrorException"} []
[2018-03-12 17:31:18] app.ERROR: Undefined offset: 1@E:\MyWeb\app\easyphp\easyphp\library\concise\Validator.php 84 {"Runtime":"0.025s"} []
[2018-03-12 17:31:18] app.ERROR: Undefined offset: 1@E:\MyWeb\app\easyphp\easyphp\library\concise\Validator.php 84 {"Runtime":"0.031s","Exception":"Whoops\\Exception\\ErrorException"} []
[2018-03-12 17:31:32] app.ERROR: Missing argument 2 for concise\Validator::validLength()@E:\MyWeb\app\easyphp\easyphp\library\concise\Validator.php 197 {"Runtime":"0.037s"} []
[2018-03-12 17:31:32] app.ERROR: Missing argument 2 for concise\Validator::validLength()@E:\MyWeb\app\easyphp\easyphp\library\concise\Validator.php 197 {"Runtime":"0.041s","Exception":"Whoops\\Exception\\ErrorException"} []
[2018-03-12 17:31:33] app.ERROR: Missing argument 2 for concise\Validator::validLength()@E:\MyWeb\app\easyphp\easyphp\library\concise\Validator.php 197 {"Runtime":"0.043s"} []
[2018-03-12 17:31:33] app.ERROR: Missing argument 2 for concise\Validator::validLength()@E:\MyWeb\app\easyphp\easyphp\library\concise\Validator.php 197 {"Runtime":"0.048s","Exception":"Whoops\\Exception\\ErrorException"} []
[2018-03-12 17:31:33] app.ERROR: Missing argument 2 for concise\Validator::validLength()@E:\MyWeb\app\easyphp\easyphp\library\concise\Validator.php 197 {"Runtime":"0.024s"} []
[2018-03-12 17:31:33] app.ERROR: Missing argument 2 for concise\Validator::validLength()@E:\MyWeb\app\easyphp\easyphp\library\concise\Validator.php 197 {"Runtime":"0.029s","Exception":"Whoops\\Exception\\ErrorException"} []
