[2018-03-08 11:51:29] app.ERROR: test@E:\MyWeb\app\easyphp\app\index\controllers\IndexController.php 8 {"Runtime":"0.023s"} []
[2018-03-08 11:52:34] app.ERROR: lcfirst() expects parameter 1 to be string, array given@E:\MyWeb\app\easyphp\easyphp\library\concise\Log.php 73 {"Runtime":"0.054s"} []
[2018-03-08 11:52:34] app.ERROR: Uncaught exception 'Whoops\Exception\ErrorException' with message 'lcfirst() expects parameter 1 to be string, array given' in E:\MyWeb\app\easyphp\easyphp\library\concise\Log.php:73 Stack trace: #0 [internal function]: Whoops\Run->handleError(2, 'lcfirst() expec...', 'E:\\MyWeb\\app\\ea...', 73, Array) #1 E:\MyWeb\app\easyphp\easyphp\library\concise\Log.php(73): lcfirst(Array) #2 [internal function]: concise\Log->write('test@E:\\MyWeb\\a...', Array) #3 E:\MyWeb\app\easyphp\easyphp\library\concise\Facade.php(47): call_user_func_array(Array, Array) #4 E:\MyWeb\app\easyphp\easyphp\library\concise\App.php(120): concise\Facade::__callStatic('write', Array) #5 E:\MyWeb\app\easyphp\easyphp\library\concise\App.php(120): concise\facades\Log::write('test@E:\\MyWeb\\a...', Array) #6 E:\MyWeb\app\easyphp\vendor\filp\whoops\src\Whoops\Exception\Formatter.php(59): concise\App::termination('test', 'E:\\MyWeb\\app\\ea...', 8, Array) #7 E:\MyWeb\app\easyphp\vendor\filp\whoops\src\Whoops\Handler\PrettyPageHandler.php(213): Wh@E:\MyWeb\app\easyphp\easyphp\library\concise\Log.php 73 {"Runtime":"0.057s"} []
[2018-03-08 11:52:34] app.ERROR: lcfirst() expects parameter 1 to be string, array given@E:\MyWeb\app\easyphp\easyphp\library\concise\Log.php 73 {"Runtime":"0.059s"} []
[2018-03-08 11:53:55] app.ERROR: test@E:\MyWeb\app\easyphp\app\index\controllers\IndexController.php 8 {"Runtime":"0.049s","Exception":"Exception"} []
[2018-03-08 11:54:29] app.ERROR: test@E:\MyWeb\app\easyphp\app\index\controllers\IndexController.php 8 {"Runtime":"0.036s","Exception":"Exception"} []
[2018-03-08 11:56:27] app.ERROR: test@E:\MyWeb\app\easyphp\app\index\controllers\IndexController.php 8 {"Runtime":"0.029s","Exception":"Exception"} []
[2018-03-08 16:51:38] app.ERROR: syntax error, unexpected '】' (T_STRING)@E:\MyWeb\app\easyphp\app\index\controllers\IndexController.php 8 {"Runtime":"0.036s"} []
[2018-03-08 16:51:38] app.ERROR: syntax error, unexpected '】' (T_STRING)@E:\MyWeb\app\easyphp\app\index\controllers\IndexController.php 8 {"Runtime":"0.041s","Exception":"Whoops\\Exception\\ErrorException"} []
[2018-03-08 17:35:27] app.ERROR: Cannot use concise\facades\Request as Request because the name is already in use@E:\MyWeb\app\easyphp\easyphp\library\concise\Cookie.php 3 {"Runtime":"0.026s"} []
[2018-03-08 17:35:27] app.ERROR: Cannot use concise\facades\Request as Request because the name is already in use@E:\MyWeb\app\easyphp\easyphp\library\concise\Cookie.php 3 {"Runtime":"0.031s","Exception":"Whoops\\Exception\\ErrorException"} []
[2018-03-08 17:37:29] app.ERROR: Cannot use concise\facades\Request as Request because the name is already in use@E:\MyWeb\app\easyphp\easyphp\library\concise\Cookie.php 3 {"Runtime":"0.034s"} []
[2018-03-08 17:37:29] app.ERROR: Cannot use concise\facades\Request as Request because the name is already in use@E:\MyWeb\app\easyphp\easyphp\library\concise\Cookie.php 3 {"Runtime":"0.038s","Exception":"Whoops\\Exception\\ErrorException"} []
[2018-03-08 17:38:17] app.ERROR: Cannot use concise\facades\Request as Request because the name is already in use@E:\MyWeb\app\easyphp\easyphp\library\concise\Cookie.php 3 {"Runtime":"0.055s"} []
[2018-03-08 17:38:17] app.ERROR: Cannot use concise\facades\Request as Request because the name is already in use@E:\MyWeb\app\easyphp\easyphp\library\concise\Cookie.php 3 {"Runtime":"0.063s","Exception":"Whoops\\Exception\\ErrorException"} []
[2018-03-08 17:38:31] app.ERROR: Cannot use concise\facades\Request as Request because the name is already in use@E:\MyWeb\app\easyphp\easyphp\library\concise\Cookie.php 3 {"Runtime":"0.031s"} []
[2018-03-08 17:38:31] app.ERROR: Cannot use concise\facades\Request as Request because the name is already in use@E:\MyWeb\app\easyphp\easyphp\library\concise\Cookie.php 3 {"Runtime":"0.037s","Exception":"Whoops\\Exception\\ErrorException"} []
[2018-03-08 17:38:31] app.ERROR: Cannot use concise\facades\Request as Request because the name is already in use@E:\MyWeb\app\easyphp\easyphp\library\concise\Cookie.php 3 {"Runtime":"0.051s"} []
[2018-03-08 17:38:31] app.ERROR: Cannot use concise\facades\Request as Request because the name is already in use@E:\MyWeb\app\easyphp\easyphp\library\concise\Cookie.php 3 {"Runtime":"0.056s","Exception":"Whoops\\Exception\\ErrorException"} []
[2018-03-08 17:38:32] app.ERROR: Cannot use concise\facades\Request as Request because the name is already in use@E:\MyWeb\app\easyphp\easyphp\library\concise\Cookie.php 3 {"Runtime":"0.022s"} []
[2018-03-08 17:38:32] app.ERROR: Cannot use concise\facades\Request as Request because the name is already in use@E:\MyWeb\app\easyphp\easyphp\library\concise\Cookie.php 3 {"Runtime":"0.028s","Exception":"Whoops\\Exception\\ErrorException"} []
[2018-03-08 17:38:47] app.ERROR: Non-static method concise\Request::input() should not be called statically, assuming $this from incompatible context@E:\MyWeb\app\easyphp\easyphp\library\concise\Cookie.php 26 {"Runtime":"0.054s"} []
[2018-03-08 17:38:47] app.ERROR: Non-static method concise\Request::input() should not be called statically, assuming $this from incompatible context@E:\MyWeb\app\easyphp\easyphp\library\concise\Cookie.php 26 {"Runtime":"0.06s","Exception":"Whoops\\Exception\\ErrorException"} []
[2018-03-08 17:39:44] app.ERROR: Cannot use concise\facades\Request as Request because the name is already in use@E:\MyWeb\app\easyphp\easyphp\library\concise\Cookie.php 3 {"Runtime":"0.036s"} []
[2018-03-08 17:39:44] app.ERROR: Cannot use concise\facades\Request as Request because the name is already in use@E:\MyWeb\app\easyphp\easyphp\library\concise\Cookie.php 3 {"Runtime":"0.042s","Exception":"Whoops\\Exception\\ErrorException"} []
[2018-03-08 17:50:22] app.ERROR: Call to undefined function concise\reqeust()@E:\MyWeb\app\easyphp\easyphp\library\concise\Cookie.php 25 {"Runtime":"0.032s"} []
[2018-03-08 17:50:22] app.ERROR: Call to undefined function concise\reqeust()@E:\MyWeb\app\easyphp\easyphp\library\concise\Cookie.php 25 {"Runtime":"0.04s","Exception":"Whoops\\Exception\\ErrorException"} []
[2018-03-08 17:50:23] app.ERROR: Call to undefined function concise\reqeust()@E:\MyWeb\app\easyphp\easyphp\library\concise\Cookie.php 25 {"Runtime":"0.052s"} []
[2018-03-08 17:50:23] app.ERROR: Call to undefined function concise\reqeust()@E:\MyWeb\app\easyphp\easyphp\library\concise\Cookie.php 25 {"Runtime":"0.058s","Exception":"Whoops\\Exception\\ErrorException"} []
[2018-03-08 17:50:23] app.ERROR: Call to undefined function concise\reqeust()@E:\MyWeb\app\easyphp\easyphp\library\concise\Cookie.php 25 {"Runtime":"0.036s"} []
[2018-03-08 17:50:23] app.ERROR: Call to undefined function concise\reqeust()@E:\MyWeb\app\easyphp\easyphp\library\concise\Cookie.php 25 {"Runtime":"0.041s","Exception":"Whoops\\Exception\\ErrorException"} []
[2018-03-08 17:51:28] app.ERROR: syntax error, unexpected 'return' (T_RETURN), expecting ';'@E:\MyWeb\app\easyphp\easyphp\library\concise\Cookie.php 57 {"Runtime":"0.022s"} []
[2018-03-08 17:51:28] app.ERROR: syntax error, unexpected 'return' (T_RETURN), expecting ';'@E:\MyWeb\app\easyphp\easyphp\library\concise\Cookie.php 57 {"Runtime":"0.027s","Exception":"Whoops\\Exception\\ErrorException"} []
[2018-03-08 19:25:29] app.ERROR: Undefined variable: _SESSION@E:\MyWeb\app\easyphp\app\index\controllers\IndexController.php 9 {"Runtime":"0.046s"} []
[2018-03-08 19:25:29] app.ERROR: Undefined variable: _SESSION@E:\MyWeb\app\easyphp\app\index\controllers\IndexController.php 9 {"Runtime":"0.052s","Exception":"Whoops\\Exception\\ErrorException"} []
[2018-03-08 19:53:39] app.ERROR: Call to undefined method concise\Request::filterData()@E:\MyWeb\app\easyphp\easyphp\library\concise\Request.php 190 {"Runtime":"0.023s"} []
[2018-03-08 19:53:39] app.ERROR: Call to undefined method concise\Request::filterData()@E:\MyWeb\app\easyphp\easyphp\library\concise\Request.php 190 {"Runtime":"0.028s","Exception":"Whoops\\Exception\\ErrorException"} []
[2018-03-08 19:53:39] app.ERROR: Call to undefined method concise\Request::filterData()@E:\MyWeb\app\easyphp\easyphp\library\concise\Request.php 190 {"Runtime":"0.04s"} []
[2018-03-08 19:53:39] app.ERROR: Call to undefined method concise\Request::filterData()@E:\MyWeb\app\easyphp\easyphp\library\concise\Request.php 190 {"Runtime":"0.044s","Exception":"Whoops\\Exception\\ErrorException"} []
[2018-03-08 19:53:40] app.ERROR: Call to undefined method concise\Request::filterData()@E:\MyWeb\app\easyphp\easyphp\library\concise\Request.php 190 {"Runtime":"0.025s"} []
[2018-03-08 19:53:40] app.ERROR: Call to undefined method concise\Request::filterData()@E:\MyWeb\app\easyphp\easyphp\library\concise\Request.php 190 {"Runtime":"0.032s","Exception":"Whoops\\Exception\\ErrorException"} []
[2018-03-08 19:53:40] app.ERROR: Call to undefined method concise\Request::filterData()@E:\MyWeb\app\easyphp\easyphp\library\concise\Request.php 190 {"Runtime":"0.025s"} []
[2018-03-08 19:53:40] app.ERROR: Call to undefined method concise\Request::filterData()@E:\MyWeb\app\easyphp\easyphp\library\concise\Request.php 190 {"Runtime":"0.03s","Exception":"Whoops\\Exception\\ErrorException"} []
[2018-03-08 19:54:32] app.ERROR: Using $this when not in object context@E:\MyWeb\app\easyphp\easyphp\library\concise\Input.php 41 {"Runtime":"0.027s"} []
[2018-03-08 19:54:32] app.ERROR: Using $this when not in object context@E:\MyWeb\app\easyphp\easyphp\library\concise\Input.php 41 {"Runtime":"0.034s","Exception":"Whoops\\Exception\\ErrorException"} []
[2018-03-08 19:57:42] app.ERROR: syntax error, unexpected ')', expecting variable (T_VARIABLE)@E:\MyWeb\app\easyphp\easyphp\library\concise\Input.php 26 {"Runtime":"0.044s"} []
[2018-03-08 19:57:42] app.ERROR: syntax error, unexpected ')', expecting variable (T_VARIABLE)@E:\MyWeb\app\easyphp\easyphp\library\concise\Input.php 26 {"Runtime":"0.049s","Exception":"Whoops\\Exception\\ErrorException"} []
[2018-03-08 19:57:43] app.ERROR: syntax error, unexpected ')', expecting variable (T_VARIABLE)@E:\MyWeb\app\easyphp\easyphp\library\concise\Input.php 26 {"Runtime":"0.025s"} []
[2018-03-08 19:57:43] app.ERROR: syntax error, unexpected ')', expecting variable (T_VARIABLE)@E:\MyWeb\app\easyphp\easyphp\library\concise\Input.php 26 {"Runtime":"0.031s","Exception":"Whoops\\Exception\\ErrorException"} []
[2018-03-08 19:57:43] app.ERROR: syntax error, unexpected ')', expecting variable (T_VARIABLE)@E:\MyWeb\app\easyphp\easyphp\library\concise\Input.php 26 {"Runtime":"0.04s"} []
[2018-03-08 19:57:43] app.ERROR: syntax error, unexpected ')', expecting variable (T_VARIABLE)@E:\MyWeb\app\easyphp\easyphp\library\concise\Input.php 26 {"Runtime":"0.044s","Exception":"Whoops\\Exception\\ErrorException"} []
[2018-03-08 19:57:43] app.ERROR: syntax error, unexpected ')', expecting variable (T_VARIABLE)@E:\MyWeb\app\easyphp\easyphp\library\concise\Input.php 26 {"Runtime":"0.022s"} []
[2018-03-08 19:57:43] app.ERROR: syntax error, unexpected ')', expecting variable (T_VARIABLE)@E:\MyWeb\app\easyphp\easyphp\library\concise\Input.php 26 {"Runtime":"0.027s","Exception":"Whoops\\Exception\\ErrorException"} []
[2018-03-08 23:50:21] app.ERROR: syntax error, unexpected 'unset' (T_UNSET)@E:\MyWeb\app\easyphp\easyphp\library\concise\Input.php 57 {"Runtime":"0.052s"} []
[2018-03-08 23:50:21] app.ERROR: syntax error, unexpected 'unset' (T_UNSET)@E:\MyWeb\app\easyphp\easyphp\library\concise\Input.php 57 {"Runtime":"0.063s","Exception":"Whoops\\Exception\\ErrorException"} []
[2018-03-08 23:50:22] app.ERROR: syntax error, unexpected 'unset' (T_UNSET)@E:\MyWeb\app\easyphp\easyphp\library\concise\Input.php 57 {"Runtime":"0.069s"} []
[2018-03-08 23:50:22] app.ERROR: syntax error, unexpected 'unset' (T_UNSET)@E:\MyWeb\app\easyphp\easyphp\library\concise\Input.php 57 {"Runtime":"0.08s","Exception":"Whoops\\Exception\\ErrorException"} []
[2018-03-08 23:50:23] app.ERROR: syntax error, unexpected 'unset' (T_UNSET)@E:\MyWeb\app\easyphp\easyphp\library\concise\Input.php 57 {"Runtime":"0.085s"} []
[2018-03-08 23:50:23] app.ERROR: syntax error, unexpected 'unset' (T_UNSET)@E:\MyWeb\app\easyphp\easyphp\library\concise\Input.php 57 {"Runtime":"0.104s","Exception":"Whoops\\Exception\\ErrorException"} []
[2018-03-08 23:50:24] app.ERROR: syntax error, unexpected 'unset' (T_UNSET)@E:\MyWeb\app\easyphp\easyphp\library\concise\Input.php 57 {"Runtime":"0.047s"} []
[2018-03-08 23:50:24] app.ERROR: syntax error, unexpected 'unset' (T_UNSET)@E:\MyWeb\app\easyphp\easyphp\library\concise\Input.php 57 {"Runtime":"0.056s","Exception":"Whoops\\Exception\\ErrorException"} []
[2018-03-08 23:50:41] app.ERROR: syntax error, unexpected 'unset' (T_UNSET)@E:\MyWeb\app\easyphp\easyphp\library\concise\Input.php 57 {"Runtime":"0.066s"} []
[2018-03-08 23:50:41] app.ERROR: syntax error, unexpected 'unset' (T_UNSET)@E:\MyWeb\app\easyphp\easyphp\library\concise\Input.php 57 {"Runtime":"0.078s","Exception":"Whoops\\Exception\\ErrorException"} []
[2018-03-08 23:50:42] app.ERROR: syntax error, unexpected 'unset' (T_UNSET)@E:\MyWeb\app\easyphp\easyphp\library\concise\Input.php 57 {"Runtime":"0.066s"} []
[2018-03-08 23:50:42] app.ERROR: syntax error, unexpected 'unset' (T_UNSET)@E:\MyWeb\app\easyphp\easyphp\library\concise\Input.php 57 {"Runtime":"0.074s","Exception":"Whoops\\Exception\\ErrorException"} []
[2018-03-08 23:51:13] app.ERROR: Class not exists:app\index\controllers\Session@E:\MyWeb\app\easyphp\easyphp\library\concise\Loader.php 59 {"Runtime":"0.075s","Exception":"RuntimeException"} []
[2018-03-08 23:57:09] app.ERROR: Illegal string offset 'a'@E:\MyWeb\app\easyphp\easyphp\library\concise\Input.php 40 {"Runtime":"0.066s"} []
[2018-03-08 23:57:09] app.ERROR: Illegal string offset 'a'@E:\MyWeb\app\easyphp\easyphp\library\concise\Input.php 40 {"Runtime":"0.076s","Exception":"Whoops\\Exception\\ErrorException"} []
